<?xml version="1.0" encoding="UTF-8" ?>
<testsuite failures="1" time="0.199" errors="0" skipped="0" tests="1" name="com.eren.radiomodedata.junit.BitirmeJUnitTest">
  <properties>
    <property name="java.runtime.name" value="Java(TM) SE Runtime Environment"/>
    <property name="sun.boot.library.path" value="C:\Program Files\Java\jdk1.7.0\jre\bin"/>
    <property name="java.vm.version" value="21.0-b17"/>
    <property name="java.vm.vendor" value="Oracle Corporation"/>
    <property name="java.vendor.url" value="http://java.oracle.com/"/>
    <property name="path.separator" value=";"/>
    <property name="java.vm.name" value="Java HotSpot(TM) 64-Bit Server VM"/>
    <property name="file.encoding.pkg" value="sun.io"/>
    <property name="user.script" value=""/>
    <property name="user.country" value="TR"/>
    <property name="sun.java.launcher" value="SUN_STANDARD"/>
    <property name="sun.os.patch.level" value="Service Pack 1"/>
    <property name="java.vm.specification.name" value="Java Virtual Machine Specification"/>
    <property name="user.dir" value="D:\My Departmant\Projects\talep_yonetim\talep.web"/>
    <property name="java.runtime.version" value="1.7.0-b147"/>
    <property name="java.awt.graphicsenv" value="sun.awt.Win32GraphicsEnvironment"/>
    <property name="basedir" value="D:\My Departmant\Projects\talep_yonetim\talep.web"/>
    <property name="java.endorsed.dirs" value="C:\Program Files\Java\jdk1.7.0\jre\lib\endorsed"/>
    <property name="os.arch" value="amd64"/>
    <property name="surefire.real.class.path" value="C:\Users\caner\AppData\Local\Temp\surefirebooter237228632370168879.jar"/>
    <property name="java.io.tmpdir" value="C:\Users\caner\AppData\Local\Temp\"/>
    <property name="line.separator" value="
"/>
    <property name="java.vm.specification.vendor" value="Oracle Corporation"/>
    <property name="user.variant" value=""/>
    <property name="os.name" value="Windows 7"/>
    <property name="sun.jnu.encoding" value="Cp1254"/>
    <property name="java.library.path" value="C:\Program Files\Java\jdk1.7.0\jre\bin;C:\Windows\Sun\Java\bin;C:\Windows\system32;C:\Windows;C:\Program Files (x86)\AMD APP\bin\x86_64;C:\Program Files (x86)\AMD APP\bin\x86;C:\Program Files\Common Files\Microsoft Shared\Windows Live;C:\Program Files (x86)\Common Files\Microsoft Shared\Windows Live;C:\Program Files (x86)\NVIDIA Corporation\PhysX\Common;C:\Windows\system32;C:\Windows;C:\Windows\System32\Wbem;C:\Windows\System32\WindowsPowerShell\v1.0\;C:\Program Files\Broadcom\Broadcom 802.11\Driver;C:\Program Files (x86)\ATI Technologies\ATI.ACE\Core-Static;C:\Program Files (x86)\OpenMPI_v1.5.4-x64\bin;C:\Program Files (x86)\OpenMPI_v1.5.4-win32\bin;C:\MinGW\bin;C:\cygwin\bin;C:\Program Files\Internet Explorer;C:\Program Files\TortoiseHg\;C:\Program Files (x86)\MySQL\MySQL Server 5.0\bin;c:\altera\11.1sp2\quartus\bin;C:\Program Files (x86)\Java\jre6\bin\java.exe;C:\Program Files (x86)\Windows Live\Shared;C:\altera\70\modelsim_ae\win32aloem;d:\program files\modelsim\win32pe_edu;C:\Modeltech_pe_edu_10.0c\win32pe_edu;C:\Program Files (x86)\SSH Communications Security\SSH Secure Shell;."/>
    <property name="surefire.test.class.path" value="D:\My Departmant\Projects\talep_yonetim\talep.web\target\test-classes;D:\My Departmant\Projects\talep_yonetim\talep.web\target\classes;C:\Users\caner\.m2\repository\com\eren\talep\talep.service\1.0-SNAPSHOT\talep.service-1.0-SNAPSHOT.jar;C:\Users\caner\.m2\repository\aspectj\aspectjrt\1.5.3\aspectjrt-1.5.3.jar;C:\Users\caner\.m2\repository\aspectj\aspectjweaver\1.5.3\aspectjweaver-1.5.3.jar;C:\Users\caner\.m2\repository\javax\servlet\servlet-api\2.5\servlet-api-2.5.jar;C:\Users\caner\.m2\repository\com\google\gdata\gdata-youtube-2.0\1.41.3\gdata-youtube-2.0-1.41.3.jar;C:\Users\caner\.m2\repository\com\google\gdata\gdata-client-1.0\1.41.3\gdata-client-1.0-1.41.3.jar;C:\Users\caner\.m2\repository\com\google\gdata\gdata-core-1.0\1.41.3\gdata-core-1.0-1.41.3.jar;C:\Users\caner\.m2\repository\com\google\collections\google-collections\1.0-rc1\google-collections-1.0-rc1.jar;C:\Users\caner\.m2\repository\com\google\code\findbugs\jsr305\1.3.9\jsr305-1.3.9.jar;C:\Users\caner\.m2\repository\com\google\gdata\gdata-media-1.0\1.41.3\gdata-media-1.0-1.41.3.jar;C:\Users\caner\.m2\repository\com\google\gdata\gdata-books-1.0\1.41.3\gdata-books-1.0-1.41.3.jar;C:\Users\caner\.m2\repository\com\eren\talep\talep.dao\1.0-SNAPSHOT\talep.dao-1.0-SNAPSHOT.jar;C:\Users\caner\.m2\repository\org\hibernate\hibernate-core\3.5.1-Final\hibernate-core-3.5.1-Final.jar;C:\Users\caner\.m2\repository\antlr\antlr\2.7.6\antlr-2.7.6.jar;C:\Users\caner\.m2\repository\commons-collections\commons-collections\3.1\commons-collections-3.1.jar;C:\Users\caner\.m2\repository\dom4j\dom4j\1.6.1\dom4j-1.6.1.jar;C:\Users\caner\.m2\repository\xml-apis\xml-apis\1.0.b2\xml-apis-1.0.b2.jar;C:\Users\caner\.m2\repository\javax\transaction\jta\1.1\jta-1.1.jar;C:\Users\caner\.m2\repository\org\hibernate\hibernate-entitymanager\3.5.1-Final\hibernate-entitymanager-3.5.1-Final.jar;C:\Users\caner\.m2\repository\org\hibernate\hibernate-annotations\3.5.1-Final\hibernate-annotations-3.5.1-Final.jar;C:\Users\caner\.m2\repository\org\hibernate\javax\persistence\hibernate-jpa-2.0-api\1.0.0.Final\hibernate-jpa-2.0-api-1.0.0.Final.jar;C:\Users\caner\.m2\repository\cglib\cglib\2.2\cglib-2.2.jar;C:\Users\caner\.m2\repository\asm\asm\3.1\asm-3.1.jar;C:\Users\caner\.m2\repository\javassist\javassist\3.9.0.GA\javassist-3.9.0.GA.jar;C:\Users\caner\.m2\repository\org\hibernate\hibernate-validator\3.1.0.GA\hibernate-validator-3.1.0.GA.jar;C:\Users\caner\.m2\repository\org\slf4j\slf4j-simple\1.5.8\slf4j-simple-1.5.8.jar;C:\Users\caner\.m2\repository\mysql\mysql-connector-java\5.0.5\mysql-connector-java-5.0.5.jar;C:\Users\caner\.m2\repository\com\eren\talep\talep.domain\1.0-SNAPSHOT\talep.domain-1.0-SNAPSHOT.jar;C:\Users\caner\.m2\repository\org\springframework\spring-aop\3.0.4.RELEASE\spring-aop-3.0.4.RELEASE.jar;C:\Users\caner\.m2\repository\aopalliance\aopalliance\1.0\aopalliance-1.0.jar;C:\Users\caner\.m2\repository\org\springframework\spring-asm\3.0.4.RELEASE\spring-asm-3.0.4.RELEASE.jar;C:\Users\caner\.m2\repository\org\springframework\spring-beans\3.0.4.RELEASE\spring-beans-3.0.4.RELEASE.jar;C:\Users\caner\.m2\repository\org\springframework\spring-core\3.0.4.RELEASE\spring-core-3.0.4.RELEASE.jar;C:\Users\caner\.m2\repository\commons-logging\commons-logging\1.1.1\commons-logging-1.1.1.jar;C:\Users\caner\.m2\repository\org\springframework\spring-aspects\3.0.4.RELEASE\spring-aspects-3.0.4.RELEASE.jar;C:\Users\caner\.m2\repository\org\springframework\spring-context\3.0.4.RELEASE\spring-context-3.0.4.RELEASE.jar;C:\Users\caner\.m2\repository\org\springframework\spring-expression\3.0.4.RELEASE\spring-expression-3.0.4.RELEASE.jar;C:\Users\caner\.m2\repository\org\springframework\spring-context-support\3.0.4.RELEASE\spring-context-support-3.0.4.RELEASE.jar;C:\Users\caner\.m2\repository\org\springframework\spring-test\3.0.4.RELEASE\spring-test-3.0.4.RELEASE.jar;C:\Users\caner\.m2\repository\org\springframework\spring-orm\3.0.4.RELEASE\spring-orm-3.0.4.RELEASE.jar;C:\Users\caner\.m2\repository\org\springframework\spring-jdbc\3.0.4.RELEASE\spring-jdbc-3.0.4.RELEASE.jar;C:\Users\caner\.m2\repository\org\springframework\spring-tx\3.0.4.RELEASE\spring-tx-3.0.4.RELEASE.jar;C:\Users\caner\.m2\repository\org\springframework\spring-oxm\3.0.4.RELEASE\spring-oxm-3.0.4.RELEASE.jar;C:\Users\caner\.m2\repository\org\springframework\spring-web\3.0.4.RELEASE\spring-web-3.0.4.RELEASE.jar;C:\Users\caner\.m2\repository\log4j\log4j\1.2.14\log4j-1.2.14.jar;C:\Users\caner\.m2\repository\javax\security\jacc\1.0\jacc-1.0.jar;C:\Users\caner\.m2\repository\javax\servlet\jstl\1.2\jstl-1.2.jar;C:\Users\caner\.m2\repository\commons-httpclient\commons-httpclient\3.0.1\commons-httpclient-3.0.1.jar;C:\Users\caner\.m2\repository\junit\junit\3.8.1\junit-3.8.1.jar;C:\Users\caner\.m2\repository\commons-codec\commons-codec\1.3\commons-codec-1.3.jar;C:\Users\caner\.m2\repository\com\google\code\gson\gson\1.4\gson-1.4.jar;C:\Users\caner\.m2\repository\im4java\im4java\1.1.0\im4java-1.1.0.jar;C:\Users\caner\.m2\repository\org\hibernate\hibernate-commons-annotations\3.2.0.Final\hibernate-commons-annotations-3.2.0.Final.jar;C:\Users\caner\.m2\repository\org\slf4j\slf4j-api\1.5.8\slf4j-api-1.5.8.jar;C:\Users\caner\.m2\repository\org\opensymphony\quartz\quartz\1.6.1\quartz-1.6.1.jar;C:\Users\caner\.m2\repository\org\springframework\spring-webmvc\3.0.4.RELEASE\spring-webmvc-3.0.4.RELEASE.jar;"/>
    <property name="java.specification.name" value="Java Platform API Specification"/>
    <property name="java.class.version" value="51.0"/>
    <property name="sun.management.compiler" value="HotSpot 64-Bit Tiered Compilers"/>
    <property name="os.version" value="6.1"/>
    <property name="user.home" value="C:\Users\caner"/>
    <property name="user.timezone" value=""/>
    <property name="java.awt.printerjob" value="sun.awt.windows.WPrinterJob"/>
    <property name="java.specification.version" value="1.7"/>
    <property name="file.encoding" value="Cp1254"/>
    <property name="user.name" value="caner"/>
    <property name="java.class.path" value="D:\My Departmant\Projects\talep_yonetim\talep.web\target\test-classes;D:\My Departmant\Projects\talep_yonetim\talep.web\target\classes;C:\Users\caner\.m2\repository\com\eren\talep\talep.service\1.0-SNAPSHOT\talep.service-1.0-SNAPSHOT.jar;C:\Users\caner\.m2\repository\aspectj\aspectjrt\1.5.3\aspectjrt-1.5.3.jar;C:\Users\caner\.m2\repository\aspectj\aspectjweaver\1.5.3\aspectjweaver-1.5.3.jar;C:\Users\caner\.m2\repository\javax\servlet\servlet-api\2.5\servlet-api-2.5.jar;C:\Users\caner\.m2\repository\com\google\gdata\gdata-youtube-2.0\1.41.3\gdata-youtube-2.0-1.41.3.jar;C:\Users\caner\.m2\repository\com\google\gdata\gdata-client-1.0\1.41.3\gdata-client-1.0-1.41.3.jar;C:\Users\caner\.m2\repository\com\google\gdata\gdata-core-1.0\1.41.3\gdata-core-1.0-1.41.3.jar;C:\Users\caner\.m2\repository\com\google\collections\google-collections\1.0-rc1\google-collections-1.0-rc1.jar;C:\Users\caner\.m2\repository\com\google\code\findbugs\jsr305\1.3.9\jsr305-1.3.9.jar;C:\Users\caner\.m2\repository\com\google\gdata\gdata-media-1.0\1.41.3\gdata-media-1.0-1.41.3.jar;C:\Users\caner\.m2\repository\com\google\gdata\gdata-books-1.0\1.41.3\gdata-books-1.0-1.41.3.jar;C:\Users\caner\.m2\repository\com\eren\talep\talep.dao\1.0-SNAPSHOT\talep.dao-1.0-SNAPSHOT.jar;C:\Users\caner\.m2\repository\org\hibernate\hibernate-core\3.5.1-Final\hibernate-core-3.5.1-Final.jar;C:\Users\caner\.m2\repository\antlr\antlr\2.7.6\antlr-2.7.6.jar;C:\Users\caner\.m2\repository\commons-collections\commons-collections\3.1\commons-collections-3.1.jar;C:\Users\caner\.m2\repository\dom4j\dom4j\1.6.1\dom4j-1.6.1.jar;C:\Users\caner\.m2\repository\xml-apis\xml-apis\1.0.b2\xml-apis-1.0.b2.jar;C:\Users\caner\.m2\repository\javax\transaction\jta\1.1\jta-1.1.jar;C:\Users\caner\.m2\repository\org\hibernate\hibernate-entitymanager\3.5.1-Final\hibernate-entitymanager-3.5.1-Final.jar;C:\Users\caner\.m2\repository\org\hibernate\hibernate-annotations\3.5.1-Final\hibernate-annotations-3.5.1-Final.jar;C:\Users\caner\.m2\repository\org\hibernate\javax\persistence\hibernate-jpa-2.0-api\1.0.0.Final\hibernate-jpa-2.0-api-1.0.0.Final.jar;C:\Users\caner\.m2\repository\cglib\cglib\2.2\cglib-2.2.jar;C:\Users\caner\.m2\repository\asm\asm\3.1\asm-3.1.jar;C:\Users\caner\.m2\repository\javassist\javassist\3.9.0.GA\javassist-3.9.0.GA.jar;C:\Users\caner\.m2\repository\org\hibernate\hibernate-validator\3.1.0.GA\hibernate-validator-3.1.0.GA.jar;C:\Users\caner\.m2\repository\org\slf4j\slf4j-simple\1.5.8\slf4j-simple-1.5.8.jar;C:\Users\caner\.m2\repository\mysql\mysql-connector-java\5.0.5\mysql-connector-java-5.0.5.jar;C:\Users\caner\.m2\repository\com\eren\talep\talep.domain\1.0-SNAPSHOT\talep.domain-1.0-SNAPSHOT.jar;C:\Users\caner\.m2\repository\org\springframework\spring-aop\3.0.4.RELEASE\spring-aop-3.0.4.RELEASE.jar;C:\Users\caner\.m2\repository\aopalliance\aopalliance\1.0\aopalliance-1.0.jar;C:\Users\caner\.m2\repository\org\springframework\spring-asm\3.0.4.RELEASE\spring-asm-3.0.4.RELEASE.jar;C:\Users\caner\.m2\repository\org\springframework\spring-beans\3.0.4.RELEASE\spring-beans-3.0.4.RELEASE.jar;C:\Users\caner\.m2\repository\org\springframework\spring-core\3.0.4.RELEASE\spring-core-3.0.4.RELEASE.jar;C:\Users\caner\.m2\repository\commons-logging\commons-logging\1.1.1\commons-logging-1.1.1.jar;C:\Users\caner\.m2\repository\org\springframework\spring-aspects\3.0.4.RELEASE\spring-aspects-3.0.4.RELEASE.jar;C:\Users\caner\.m2\repository\org\springframework\spring-context\3.0.4.RELEASE\spring-context-3.0.4.RELEASE.jar;C:\Users\caner\.m2\repository\org\springframework\spring-expression\3.0.4.RELEASE\spring-expression-3.0.4.RELEASE.jar;C:\Users\caner\.m2\repository\org\springframework\spring-context-support\3.0.4.RELEASE\spring-context-support-3.0.4.RELEASE.jar;C:\Users\caner\.m2\repository\org\springframework\spring-test\3.0.4.RELEASE\spring-test-3.0.4.RELEASE.jar;C:\Users\caner\.m2\repository\org\springframework\spring-orm\3.0.4.RELEASE\spring-orm-3.0.4.RELEASE.jar;C:\Users\caner\.m2\repository\org\springframework\spring-jdbc\3.0.4.RELEASE\spring-jdbc-3.0.4.RELEASE.jar;C:\Users\caner\.m2\repository\org\springframework\spring-tx\3.0.4.RELEASE\spring-tx-3.0.4.RELEASE.jar;C:\Users\caner\.m2\repository\org\springframework\spring-oxm\3.0.4.RELEASE\spring-oxm-3.0.4.RELEASE.jar;C:\Users\caner\.m2\repository\org\springframework\spring-web\3.0.4.RELEASE\spring-web-3.0.4.RELEASE.jar;C:\Users\caner\.m2\repository\log4j\log4j\1.2.14\log4j-1.2.14.jar;C:\Users\caner\.m2\repository\javax\security\jacc\1.0\jacc-1.0.jar;C:\Users\caner\.m2\repository\javax\servlet\jstl\1.2\jstl-1.2.jar;C:\Users\caner\.m2\repository\commons-httpclient\commons-httpclient\3.0.1\commons-httpclient-3.0.1.jar;C:\Users\caner\.m2\repository\junit\junit\3.8.1\junit-3.8.1.jar;C:\Users\caner\.m2\repository\commons-codec\commons-codec\1.3\commons-codec-1.3.jar;C:\Users\caner\.m2\repository\com\google\code\gson\gson\1.4\gson-1.4.jar;C:\Users\caner\.m2\repository\im4java\im4java\1.1.0\im4java-1.1.0.jar;C:\Users\caner\.m2\repository\org\hibernate\hibernate-commons-annotations\3.2.0.Final\hibernate-commons-annotations-3.2.0.Final.jar;C:\Users\caner\.m2\repository\org\slf4j\slf4j-api\1.5.8\slf4j-api-1.5.8.jar;C:\Users\caner\.m2\repository\org\opensymphony\quartz\quartz\1.6.1\quartz-1.6.1.jar;C:\Users\caner\.m2\repository\org\springframework\spring-webmvc\3.0.4.RELEASE\spring-webmvc-3.0.4.RELEASE.jar;"/>
    <property name="java.vm.specification.version" value="1.7"/>
    <property name="sun.arch.data.model" value="64"/>
    <property name="java.home" value="C:\Program Files\Java\jdk1.7.0\jre"/>
    <property name="sun.java.command" value="C:\Users\caner\AppData\Local\Temp\surefirebooter237228632370168879.jar C:\Users\caner\AppData\Local\Temp\surefire5319971180649329997tmp C:\Users\caner\AppData\Local\Temp\surefire2511365859325332608tmp"/>
    <property name="java.specification.vendor" value="Oracle Corporation"/>
    <property name="user.language" value="tr"/>
    <property name="awt.toolkit" value="sun.awt.windows.WToolkit"/>
    <property name="java.vm.info" value="mixed mode"/>
    <property name="java.version" value="1.7.0"/>
    <property name="java.ext.dirs" value="C:\Program Files\Java\jdk1.7.0\jre\lib\ext;C:\Windows\Sun\Java\lib\ext"/>
    <property name="sun.boot.class.path" value="C:\Program Files\Java\jdk1.7.0\jre\lib\resources.jar;C:\Program Files\Java\jdk1.7.0\jre\lib\rt.jar;C:\Program Files\Java\jdk1.7.0\jre\lib\sunrsasign.jar;C:\Program Files\Java\jdk1.7.0\jre\lib\jsse.jar;C:\Program Files\Java\jdk1.7.0\jre\lib\jce.jar;C:\Program Files\Java\jdk1.7.0\jre\lib\charsets.jar;C:\Program Files\Java\jdk1.7.0\jre\classes"/>
    <property name="java.vendor" value="Oracle Corporation"/>
    <property name="localRepository" value="C:\Users\caner\.m2\repository"/>
    <property name="file.separator" value="\"/>
    <property name="java.vendor.url.bug" value="http://bugreport.sun.com/bugreport/"/>
    <property name="sun.cpu.endian" value="little"/>
    <property name="sun.io.unicode.encoding" value="UnicodeLittle"/>
    <property name="sun.desktop" value="windows"/>
    <property name="sun.cpu.isalist" value="amd64"/>
  </properties>
  <testcase time="0.009" classname="junit.framework.TestSuite$1" name="warning">
    <failure message="No tests found in com.eren.radiomodedata.junit.BitirmeJUnitTest" type="junit.framework.AssertionFailedError">junit.framework.AssertionFailedError: No tests found in com.eren.radiomodedata.junit.BitirmeJUnitTest
	at junit.framework.Assert.fail(Assert.java:47)
	at junit.framework.TestSuite$1.runTest(TestSuite.java:263)
	at junit.framework.TestCase.runBare(TestCase.java:127)
	at junit.framework.TestResult$1.protect(TestResult.java:106)
	at junit.framework.TestResult.runProtected(TestResult.java:124)
	at junit.framework.TestResult.run(TestResult.java:109)
	at junit.framework.TestCase.run(TestCase.java:118)
	at junit.framework.TestSuite.runTest(TestSuite.java:208)
	at junit.framework.TestSuite.run(TestSuite.java:203)
	at sun.reflect.NativeMethodAccessorImpl.invoke0(Native Method)
	at sun.reflect.NativeMethodAccessorImpl.invoke(NativeMethodAccessorImpl.java:57)
	at sun.reflect.DelegatingMethodAccessorImpl.invoke(DelegatingMethodAccessorImpl.java:43)
	at java.lang.reflect.Method.invoke(Method.java:601)
	at org.apache.maven.surefire.junit.JUnitTestSet.execute(JUnitTestSet.java:213)
	at org.apache.maven.surefire.suite.AbstractDirectoryTestSuite.executeTestSet(AbstractDirectoryTestSuite.java:140)
	at org.apache.maven.surefire.suite.AbstractDirectoryTestSuite.execute(AbstractDirectoryTestSuite.java:127)
	at org.apache.maven.surefire.Surefire.run(Surefire.java:177)
	at sun.reflect.NativeMethodAccessorImpl.invoke0(Native Method)
	at sun.reflect.NativeMethodAccessorImpl.invoke(NativeMethodAccessorImpl.java:57)
	at sun.reflect.DelegatingMethodAccessorImpl.invoke(DelegatingMethodAccessorImpl.java:43)
	at java.lang.reflect.Method.invoke(Method.java:601)
	at org.apache.maven.surefire.booter.SurefireBooter.runSuitesInProcess(SurefireBooter.java:345)
	at org.apache.maven.surefire.booter.SurefireBooter.main(SurefireBooter.java:1009)
</failure>
  </testcase>
</testsuite>